Flow report for Batalha_Naval_Digital
Mon May 06 09:21:49 2019
Quartus II Version 9.0 Build 235 06/17/2009 Service Pack 2 SJ Web Edition


---------------------
; Table of Contents ;
---------------------
  1. Legal Notice
  2. Flow Summary
  3. Flow Settings
  4. Flow Non-Default Global Settings
  5. Flow Elapsed Time
  6. Flow OS Summary
  7. Flow Log



----------------
; Legal Notice ;
----------------
Copyright (C) 1991-2009 Altera Corporation
Your use of Altera Corporation's design tools, logic functions 
and other software and tools, and its AMPP partner logic 
functions, and any output files from any of the foregoing 
(including device programming or simulation files), and any 
associated documentation or information are expressly subject 
to the terms and conditions of the Altera Program License 
Subscription Agreement, Altera MegaCore Function License 
Agreement, or other applicable license agreement, including, 
without limitation, that your use is for the sole purpose of 
programming logic devices manufactured by Altera and sold by 
Altera or its authorized distributors.  Please refer to the 
applicable agreement for further details.



+------------------------------------------------------------------------+
; Flow Summary                                                           ;
+-------------------------+----------------------------------------------+
; Flow Status             ; Successful - Mon May 06 09:21:49 2019        ;
; Quartus II Version      ; 9.0 Build 235 06/17/2009 SP 2 SJ Web Edition ;
; Revision Name           ; Batalha_Naval_Digital                        ;
; Top-level Entity Name   ; Batalha_Naval_Digital                        ;
; Family                  ; ACEX1K                                       ;
; Device                  ; EP1K100QC208-3                               ;
; Timing Models           ; Final                                        ;
; Met timing requirements ; Yes                                          ;
; Total logic elements    ; 10 / 4,992 ( < 1 % )                         ;
; Total pins              ; 20 / 147 ( 14 % )                            ;
; Total memory bits       ; 0 / 49,152 ( 0 % )                           ;
; Total PLLs              ; 0                                            ;
+-------------------------+----------------------------------------------+


+-------------------------------------------+
; Flow Settings                             ;
+-------------------+-----------------------+
; Option            ; Setting               ;
+-------------------+-----------------------+
; Start date & time ; 05/06/2019 09:21:31   ;
; Main task         ; Compilation           ;
; Revision Name     ; Batalha_Naval_Digital ;
+-------------------+-----------------------+


+-------------------------------------------------------------------------------------------------------------------------------------------------------------------------------------------------+
; Flow Non-Default Global Settings                                                                                                                                                                ;
+------------------------------------+-------------------------------------------------------------------------------------------------------------+---------------+-------------+----------------+
; Assignment Name                    ; Value                                                                                                       ; Default Value ; Entity Name ; Section Id     ;
+------------------------------------+-------------------------------------------------------------------------------------------------------------+---------------+-------------+----------------+
; COMPILER_SIGNATURE_ID              ; 141761625673769.155714529106468                                                                             ; --            ; --          ; --             ;
; MAX_CORE_JUNCTION_TEMP             ; 85                                                                                                          ; --            ; --          ; --             ;
; MIN_CORE_JUNCTION_TEMP             ; 0                                                                                                           ; --            ; --          ; --             ;
; MISC_FILE                          ; A:/Coding.cpp/UEFS Projects/CD/TEC498_MI-Projeto_de_Circuitos_Digitais/Problema_1/Batalha_Naval_Digital.dpf ; --            ; --          ; --             ;
; USE_GENERATED_PHYSICAL_CONSTRAINTS ; Off                                                                                                         ; --            ; --          ; eda_blast_fpga ;
+------------------------------------+-------------------------------------------------------------------------------------------------------------+---------------+-------------+----------------+


+-----------------------------------------------------------------------------------------------------------------------------+
; Flow Elapsed Time                                                                                                           ;
+-------------------------+--------------+-------------------------+---------------------+------------------------------------+
; Module Name             ; Elapsed Time ; Average Processors Used ; Peak Virtual Memory ; Total CPU Time (on all processors) ;
+-------------------------+--------------+-------------------------+---------------------+------------------------------------+
; Analysis & Synthesis    ; 00:00:02     ; 1.0                     ; 218 MB              ; 00:00:01                           ;
; Fitter                  ; 00:00:10     ; 1.0                     ; 216 MB              ; 00:00:08                           ;
; Assembler               ; 00:00:01     ; 1.0                     ; 206 MB              ; 00:00:01                           ;
; Classic Timing Analyzer ; 00:00:00     ; 1.0                     ; 168 MB              ; 00:00:00                           ;
; Total                   ; 00:00:13     ; --                      ; --                  ; 00:00:10                           ;
+-------------------------+--------------+-------------------------+---------------------+------------------------------------+


+------------------------------------------------------------------------------------------+
; Flow OS Summary                                                                          ;
+-------------------------+------------------+---------------+------------+----------------+
; Module Name             ; Machine Hostname ; OS Name       ; OS Version ; Processor type ;
+-------------------------+------------------+---------------+------------+----------------+
; Analysis & Synthesis    ; DESKTOP-SHA9A4G  ; Windows Vista ; 6.2        ; x86_64         ;
; Fitter                  ; DESKTOP-SHA9A4G  ; Windows Vista ; 6.2        ; x86_64         ;
; Assembler               ; DESKTOP-SHA9A4G  ; Windows Vista ; 6.2        ; x86_64         ;
; Classic Timing Analyzer ; DESKTOP-SHA9A4G  ; Windows Vista ; 6.2        ; x86_64         ;
+-------------------------+------------------+---------------+------------+----------------+


------------
; Flow Log ;
------------
quartus_map --read_settings_files=on --write_settings_files=off Batalha_Naval_Digital -c Batalha_Naval_Digital
quartus_fit --read_settings_files=off --write_settings_files=off Batalha_Naval_Digital -c Batalha_Naval_Digital
quartus_asm --read_settings_files=off --write_settings_files=off Batalha_Naval_Digital -c Batalha_Naval_Digital
quartus_tan --read_settings_files=off --write_settings_files=off Batalha_Naval_Digital -c Batalha_Naval_Digital



